<?xml version="1.0" encoding="UTF-8"?>
<testng-results skipped="0" failed="0" total="1" passed="1">
  <reporter-output>
  </reporter-output>
  <suite name="Suite" duration-ms="24" started-at="2017-12-12T11:39:10Z" finished-at="2017-12-12T11:39:10Z">
    <groups>
    </groups>
    <test name="Test" duration-ms="24" started-at="2017-12-12T11:39:10Z" finished-at="2017-12-12T11:39:10Z">
      <class name="mavengitjenkins.Sample">
        <test-method status="PASS" signature="main()[pri:0, instance:mavengitjenkins.Sample@5700d6b1]" name="main" duration-ms="10" started-at="2017-12-12T17:09:10Z" finished-at="2017-12-12T17:09:10Z">
          <reporter-output>
          </reporter-output>
        </test-method> <!-- main -->
      </class> <!-- mavengitjenkins.Sample -->
    </test> <!-- Test -->
  </suite> <!-- Suite -->
</testng-results>
